2024-09-25 13:32:40.8956 Info - FamilyMealPlanner.Controllers.RecipeController: upload photo
2024-09-25 13:32:40.9156 Info - backend.ImageService: image service 1
2024-09-25 13:32:42.1977 Info - backend.ImageService: upload end
2024-09-25 13:32:42.1977 Info - backend.ImageService: Date: Wed, 25 Sep 2024 12:32:48 GMT
Transfer-Encoding: chunked
Connection: keep-alive
Access-Control-Allow-Origin: *
Access-Control-Allow-Headers: Cache-Control, X-Requested-With, Content-Type
Access-Control-Allow-Methods: POST, GET, OPTIONS
Cache-Control: no-cache, must-revalidate
Pragma: no-cache
CF-Cache-Status: DYNAMIC
Report-To: {"endpoints":[{"url":"https:\/\/a.nel.cloudflare.com\/report\/v4?s=FJnACHEvJj5VK0ocRjWAfvfbGo2CkVbHC8akYCeCohfRi4fY7JZfUBRTvi6%2Bf%2F5jIp0m68WMjuubccRrIGqggOy0fuMCRPhslYtDc7SwNTCUa9uJpmegTx7TTHwZoRIb"}],"group":"cf-nel","max_age":604800}
NEL: {"success_fraction":0,"report_to":"cf-nel","max_age":604800}
Server: cloudflare
CF-RAY: 8c8b09f8dd8440ae-LHR

2024-09-25 13:32:42.1977 Info - backend.ImageService: BadRequest
2024-09-25 13:36:18.9608 Info - FamilyMealPlanner.Controllers.RecipeController: upload photo
2024-09-25 13:36:18.9662 Info - backend.ImageService: image service 1
2024-09-25 13:36:29.7205 Info - backend.ImageService: upload end
2024-09-25 13:36:29.7205 Info - backend.ImageService: Date: Wed, 25 Sep 2024 12:36:35 GMT
Transfer-Encoding: chunked
Connection: keep-alive
Vary: Accept-Encoding
Access-Control-Allow-Origin: *
Access-Control-Allow-Headers: Cache-Control, X-Requested-With, Content-Type
Access-Control-Allow-Methods: POST, GET, OPTIONS
Cache-Control: no-cache, must-revalidate
Pragma: no-cache
CF-Cache-Status: DYNAMIC
Report-To: {"endpoints":[{"url":"https:\/\/a.nel.cloudflare.com\/report\/v4?s=P527K6Ru%2FE2BxYH8PUK3YLCOTTvEz18rt%2Fe5m8paDMrrZOWEtE1P8kcuafqmBaaG9Jd%2BpgGNeQsU7Ejr1gYIsY%2BSIpNwaT8s0lNluIYTkVxgOdgsEq2pzoKn%2BspWSdzw"}],"group":"cf-nel","max_age":604800}
NEL: {"success_fraction":0,"report_to":"cf-nel","max_age":604800}
Server: cloudflare
CF-RAY: 8c8b0f567da66553-LHR

2024-09-25 13:36:29.7205 Info - backend.ImageService: OK
2024-09-25 13:41:36.7182 Info - FamilyMealPlanner.Controllers.RecipeController: upload photo
2024-09-25 13:41:36.7380 Info - backend.ImageService: image service 1
2024-09-25 13:41:45.7856 Info - backend.ImageService: upload end
2024-09-25 13:41:45.7856 Info - backend.ImageService: Date: Wed, 25 Sep 2024 12:41:52 GMT
Transfer-Encoding: chunked
Connection: keep-alive
Vary: Accept-Encoding
Access-Control-Allow-Origin: *
Access-Control-Allow-Headers: Cache-Control, X-Requested-With, Content-Type
Access-Control-Allow-Methods: POST, GET, OPTIONS
Cache-Control: no-cache, must-revalidate
Pragma: no-cache
CF-Cache-Status: DYNAMIC
Report-To: {"endpoints":[{"url":"https:\/\/a.nel.cloudflare.com\/report\/v4?s=G9ghmPbwfnOOtDMuUm7BUhdjIeriQYB1V1Ex%2BRehu3PaLM8Aa%2FxAS0GXY7VcI58F2H4Gicbehsl6uTI10TOAE%2B077GbvqAA%2BeaSqBVJGSTq7YM0hcMDliX9yVcx3ZIGf"}],"group":"cf-nel","max_age":604800}
NEL: {"success_fraction":0,"report_to":"cf-nel","max_age":604800}
Server: cloudflare
CF-RAY: 8c8b1715ccbe45a0-LHR

2024-09-25 13:41:45.7856 Info - backend.ImageService: OK
2024-09-25 13:48:22.2423 Info - FamilyMealPlanner.Controllers.RecipeController: upload photo
2024-09-25 13:48:22.2614 Info - backend.ImageService: image service 1
2024-09-25 13:48:31.0360 Info - backend.ImageService: upload end
2024-09-25 13:49:52.8897 Info - FamilyMealPlanner.Controllers.RecipeController: upload photo
2024-09-25 13:49:52.8897 Info - backend.ImageService: image service 1
2024-09-25 13:50:03.0910 Info - backend.ImageService: upload end
2024-09-25 13:54:26.2674 Info - FamilyMealPlanner.Controllers.RecipeController: upload photo
2024-09-25 13:54:26.2674 Info - backend.ImageService: image service 1
2024-09-25 13:54:37.5366 Info - backend.ImageService: upload end
2024-09-25 13:56:01.4227 Info - FamilyMealPlanner.Controllers.RecipeController: upload photo
2024-09-25 13:56:01.4305 Info - backend.ImageService: image service 1
2024-09-25 13:56:11.6672 Info - backend.ImageService: upload end
2024-09-25 13:56:11.6672 Info - FamilyMealPlanner.Controllers.RecipeController: StatusCode: 200, ReasonPhrase: 'OK', Version: 1.1, Content: System.Net.Http.HttpConnectionResponseContent, Headers:
{
  Date: Wed, 25 Sep 2024 12:56:18 GMT
  Transfer-Encoding: chunked
  Connection: keep-alive
  Vary: Accept-Encoding
  Access-Control-Allow-Origin: *
  Access-Control-Allow-Headers: Cache-Control, X-Requested-With, Content-Type
  Access-Control-Allow-Methods: POST, GET, OPTIONS
  Cache-Control: no-cache, must-revalidate
  Pragma: no-cache
  CF-Cache-Status: DYNAMIC
  Report-To: {"endpoints":[{"url":"https:\/\/a.nel.cloudflare.com\/report\/v4?s=mELYiuxTUZuk8m8iECxuVUP0Ol%2FOxM3j3yhB2lt2vEvEzV%2F3k2GpIUm8dKqZ2WMGLr7fWejT9xw%2FPqNOxdP4%2BBOkHagz18Oyf431899V7INuVf8t5UMosjHAoYrcppxQ"}],"group":"cf-nel","max_age":604800}
  NEL: {"success_fraction":0,"report_to":"cf-nel","max_age":604800}
  Server: cloudflare
  CF-RAY: 8c8b2c34cd116382-LHR
  Content-Type: application/json; charset=UTF-8
  Last-Modified: Wed, 25 Sep 2024 12:56:17GMT
}
2024-09-25 13:57:54.0361 Info - FamilyMealPlanner.Controllers.RecipeController: upload photo
2024-09-25 13:57:54.0439 Info - backend.ImageService: image service 1
2024-09-25 13:58:08.4809 Info - backend.ImageService: upload end
2024-09-25 13:58:08.4809 Info - FamilyMealPlanner.Controllers.RecipeController: {"data":{"id":"VwKM46z","title":"oigsuxtf-wv5","url_viewer":"https:\/\/ibb.co\/VwKM46z","url":"https:\/\/i.ibb.co\/vXtLn9T\/oigsuxtf-wv5.jpg","display_url":"https:\/\/i.ibb.co\/Bn1TMkQ\/oigsuxtf-wv5.jpg","width":3784,"height":2764,"size":713675,"time":1727268882,"expiration":0,"image":{"filename":"oigsuxtf-wv5.jpg","name":"oigsuxtf-wv5","mime":"image\/jpeg","extension":"jpg","url":"https:\/\/i.ibb.co\/vXtLn9T\/oigsuxtf-wv5.jpg"},"thumb":{"filename":"oigsuxtf-wv5.jpg","name":"oigsuxtf-wv5","mime":"image\/jpeg","extension":"jpg","url":"https:\/\/i.ibb.co\/VwKM46z\/oigsuxtf-wv5.jpg"},"medium":{"filename":"oigsuxtf-wv5.jpg","name":"oigsuxtf-wv5","mime":"image\/jpeg","extension":"jpg","url":"https:\/\/i.ibb.co\/Bn1TMkQ\/oigsuxtf-wv5.jpg"},"delete_url":"https:\/\/ibb.co\/VwKM46z\/a6409b7b33a58dc2cb928bbb47695479"},"success":true,"status":200}
2024-09-25 13:59:37.8517 Info - FamilyMealPlanner.Controllers.RecipeController: upload photo
2024-09-25 13:59:37.8540 Info - backend.ImageService: image service 1
2024-09-25 13:59:47.9947 Info - backend.ImageService: upload end
2024-09-25 14:39:34.3442 Info - FamilyMealPlanner.Controllers.RecipeController: upload photo
2024-09-25 14:39:34.3611 Info - backend.ImageService: image service 1
2024-09-25 14:39:45.0299 Info - backend.ImageService: upload end
2024-09-25 14:40:46.8576 Info - FamilyMealPlanner.Controllers.RecipeController: upload photo
2024-09-25 14:40:46.8576 Info - backend.ImageService: image service 1
2024-09-25 14:40:56.7001 Info - backend.ImageService: upload end
2024-09-25 14:45:12.5514 Info - FamilyMealPlanner.Controllers.RecipeController: upload photo
2024-09-25 14:45:48.6173 Info - FamilyMealPlanner.Controllers.RecipeController: upload photo
2024-09-25 14:45:48.6173 Info - FamilyMealPlanner.Controllers.RecipeController: {"data":{"id":"VwKM46z","title":"oigsuxtf-wv5","url_viewer":"https://ibb.co/VwKM46z","url":"https://i.ibb.co/vXtLn9T/oigsuxtf-wv5.jpg","display_url":"https://i.ibb.co/Bn1TMkQ/oigsuxtf-wv5.jpg","width":3784,"height":2764,"size":713675,"time":1727268882,"expiration":0,"image":{"filename":"oigsuxtf-wv5.jpg","name":"oigsuxtf-wv5","mime":"image/jpeg","extension":"jpg","url":"https://i.ibb.co/vXtLn9T/oigsuxtf-wv5.jpg"},"thumb":{"filename":"oigsuxtf-wv5.jpg","name":"oigsuxtf-wv5","mime":"image/jpeg","extension":"jpg","url":"https://i.ibb.co/VwKM46z/oigsuxtf-wv5.jpg"},"medium":{"filename":"oigsuxtf-wv5.jpg","name":"oigsuxtf-wv5","mime":"image/jpeg","extension":"jpg","url":"https://i.ibb.co/Bn1TMkQ/oigsuxtf-wv5.jpg"},"delete_url":"https://ibb.co/VwKM46z/a6409b7b33a58dc2cb928bbb47695479"},"success":true,"status":200}
2024-09-25 14:47:44.6199 Info - FamilyMealPlanner.Controllers.RecipeController: upload photo
2024-09-25 14:47:44.6199 Info - FamilyMealPlanner.Controllers.RecipeController: {"data":{"id":"VwKM46z","title":"oigsuxtf-wv5","url_viewer":"https://ibb.co/VwKM46z","url":"https://i.ibb.co/vXtLn9T/oigsuxtf-wv5.jpg","display_url":"https://i.ibb.co/Bn1TMkQ/oigsuxtf-wv5.jpg","width":3784,"height":2764,"size":713675,"time":1727268882,"expiration":0,"image":{"filename":"oigsuxtf-wv5.jpg","name":"oigsuxtf-wv5","mime":"image/jpeg","extension":"jpg","url":"https://i.ibb.co/vXtLn9T/oigsuxtf-wv5.jpg"},"thumb":{"filename":"oigsuxtf-wv5.jpg","name":"oigsuxtf-wv5","mime":"image/jpeg","extension":"jpg","url":"https://i.ibb.co/VwKM46z/oigsuxtf-wv5.jpg"},"medium":{"filename":"oigsuxtf-wv5.jpg","name":"oigsuxtf-wv5","mime":"image/jpeg","extension":"jpg","url":"https://i.ibb.co/Bn1TMkQ/oigsuxtf-wv5.jpg"},"delete_url":"https://ibb.co/VwKM46z/a6409b7b33a58dc2cb928bbb47695479"},"success":true,"status":200}
2024-09-25 14:47:56.5139 Info - FamilyMealPlanner.Controllers.RecipeController: upload photo
2024-09-25 14:49:45.4305 Info - FamilyMealPlanner.Controllers.RecipeController: upload photo
2024-09-25 14:50:39.1272 Info - FamilyMealPlanner.Controllers.RecipeController: upload photo
2024-09-25 14:51:34.7004 Info - FamilyMealPlanner.Controllers.RecipeController: upload photo
2024-09-25 14:51:34.7004 Error - FamilyMealPlanner.Controllers.RecipeController: Token 2007ffe is not valid in the scope of module System.ModuleHandle. (Parameter 'typeToken')
2024-09-25 14:51:34.7004 Info - FamilyMealPlanner.Controllers.RecipeController: {"data":{"id":"VwKM46z","title":"oigsuxtf-wv5","url_viewer":"https://ibb.co/VwKM46z","url":"https://i.ibb.co/vXtLn9T/oigsuxtf-wv5.jpg","display_url":"https://i.ibb.co/Bn1TMkQ/oigsuxtf-wv5.jpg","width":3784,"height":2764,"size":713675,"time":1727268882,"expiration":0,"image":{"filename":"oigsuxtf-wv5.jpg","name":"oigsuxtf-wv5","mime":"image/jpeg","extension":"jpg","url":"https://i.ibb.co/vXtLn9T/oigsuxtf-wv5.jpg"},"thumb":{"filename":"oigsuxtf-wv5.jpg","name":"oigsuxtf-wv5","mime":"image/jpeg","extension":"jpg","url":"https://i.ibb.co/VwKM46z/oigsuxtf-wv5.jpg"},"medium":{"filename":"oigsuxtf-wv5.jpg","name":"oigsuxtf-wv5","mime":"image/jpeg","extension":"jpg","url":"https://i.ibb.co/Bn1TMkQ/oigsuxtf-wv5.jpg"},"delete_url":"https://ibb.co/VwKM46z/a6409b7b33a58dc2cb928bbb47695479"},"success":true,"status":200}
2024-09-25 14:52:47.3852 Info - FamilyMealPlanner.Controllers.RecipeController: upload photo
2024-09-25 14:52:47.4200 Error - FamilyMealPlanner.Controllers.RecipeController: The JSON value could not be converted to System.String. Path: $.status | LineNumber: 0 | BytePositionInLine: 817.
2024-09-25 14:52:47.4200 Info - FamilyMealPlanner.Controllers.RecipeController: {"data":{"id":"VwKM46z","title":"oigsuxtf-wv5","url_viewer":"https://ibb.co/VwKM46z","url":"https://i.ibb.co/vXtLn9T/oigsuxtf-wv5.jpg","display_url":"https://i.ibb.co/Bn1TMkQ/oigsuxtf-wv5.jpg","width":3784,"height":2764,"size":713675,"time":1727268882,"expiration":0,"image":{"filename":"oigsuxtf-wv5.jpg","name":"oigsuxtf-wv5","mime":"image/jpeg","extension":"jpg","url":"https://i.ibb.co/vXtLn9T/oigsuxtf-wv5.jpg"},"thumb":{"filename":"oigsuxtf-wv5.jpg","name":"oigsuxtf-wv5","mime":"image/jpeg","extension":"jpg","url":"https://i.ibb.co/VwKM46z/oigsuxtf-wv5.jpg"},"medium":{"filename":"oigsuxtf-wv5.jpg","name":"oigsuxtf-wv5","mime":"image/jpeg","extension":"jpg","url":"https://i.ibb.co/Bn1TMkQ/oigsuxtf-wv5.jpg"},"delete_url":"https://ibb.co/VwKM46z/a6409b7b33a58dc2cb928bbb47695479"},"success":true,"status":200}
2024-09-25 14:53:00.9074 Info - FamilyMealPlanner.Controllers.RecipeController: upload photo
2024-09-25 14:53:00.9074 Error - FamilyMealPlanner.Controllers.RecipeController: The JSON value could not be converted to System.String. Path: $.status | LineNumber: 0 | BytePositionInLine: 817.
2024-09-25 14:53:00.9074 Info - FamilyMealPlanner.Controllers.RecipeController: {"data":{"id":"VwKM46z","title":"oigsuxtf-wv5","url_viewer":"https://ibb.co/VwKM46z","url":"https://i.ibb.co/vXtLn9T/oigsuxtf-wv5.jpg","display_url":"https://i.ibb.co/Bn1TMkQ/oigsuxtf-wv5.jpg","width":3784,"height":2764,"size":713675,"time":1727268882,"expiration":0,"image":{"filename":"oigsuxtf-wv5.jpg","name":"oigsuxtf-wv5","mime":"image/jpeg","extension":"jpg","url":"https://i.ibb.co/vXtLn9T/oigsuxtf-wv5.jpg"},"thumb":{"filename":"oigsuxtf-wv5.jpg","name":"oigsuxtf-wv5","mime":"image/jpeg","extension":"jpg","url":"https://i.ibb.co/VwKM46z/oigsuxtf-wv5.jpg"},"medium":{"filename":"oigsuxtf-wv5.jpg","name":"oigsuxtf-wv5","mime":"image/jpeg","extension":"jpg","url":"https://i.ibb.co/Bn1TMkQ/oigsuxtf-wv5.jpg"},"delete_url":"https://ibb.co/VwKM46z/a6409b7b33a58dc2cb928bbb47695479"},"success":true,"status":200}
2024-09-25 14:53:35.2136 Info - FamilyMealPlanner.Controllers.RecipeController: upload photo
2024-09-25 14:53:35.2136 Error - FamilyMealPlanner.Controllers.RecipeController: The JSON value could not be converted to System.String. Path: $.status | LineNumber: 0 | BytePositionInLine: 817.
2024-09-25 14:53:35.2136 Info - FamilyMealPlanner.Controllers.RecipeController: {"data":{"id":"VwKM46z","title":"oigsuxtf-wv5","url_viewer":"https://ibb.co/VwKM46z","url":"https://i.ibb.co/vXtLn9T/oigsuxtf-wv5.jpg","display_url":"https://i.ibb.co/Bn1TMkQ/oigsuxtf-wv5.jpg","width":3784,"height":2764,"size":713675,"time":1727268882,"expiration":0,"image":{"filename":"oigsuxtf-wv5.jpg","name":"oigsuxtf-wv5","mime":"image/jpeg","extension":"jpg","url":"https://i.ibb.co/vXtLn9T/oigsuxtf-wv5.jpg"},"thumb":{"filename":"oigsuxtf-wv5.jpg","name":"oigsuxtf-wv5","mime":"image/jpeg","extension":"jpg","url":"https://i.ibb.co/VwKM46z/oigsuxtf-wv5.jpg"},"medium":{"filename":"oigsuxtf-wv5.jpg","name":"oigsuxtf-wv5","mime":"image/jpeg","extension":"jpg","url":"https://i.ibb.co/Bn1TMkQ/oigsuxtf-wv5.jpg"},"delete_url":"https://ibb.co/VwKM46z/a6409b7b33a58dc2cb928bbb47695479"},"success":true,"status":200}
2024-09-25 14:56:29.6329 Info - FamilyMealPlanner.Controllers.RecipeController: upload photo
2024-09-25 14:56:29.6493 Info - FamilyMealPlanner.Controllers.RecipeController: {"data":{"id":"VwKM46z","title":"oigsuxtf-wv5","url_viewer":"https://ibb.co/VwKM46z","url":"https://i.ibb.co/vXtLn9T/oigsuxtf-wv5.jpg","display_url":"https://i.ibb.co/Bn1TMkQ/oigsuxtf-wv5.jpg","width":3784,"height":2764,"size":713675,"time":1727268882,"expiration":0,"image":{"filename":"oigsuxtf-wv5.jpg","name":"oigsuxtf-wv5","mime":"image/jpeg","extension":"jpg","url":"https://i.ibb.co/vXtLn9T/oigsuxtf-wv5.jpg"},"thumb":{"filename":"oigsuxtf-wv5.jpg","name":"oigsuxtf-wv5","mime":"image/jpeg","extension":"jpg","url":"https://i.ibb.co/VwKM46z/oigsuxtf-wv5.jpg"},"medium":{"filename":"oigsuxtf-wv5.jpg","name":"oigsuxtf-wv5","mime":"image/jpeg","extension":"jpg","url":"https://i.ibb.co/Bn1TMkQ/oigsuxtf-wv5.jpg"},"delete_url":"https://ibb.co/VwKM46z/a6409b7b33a58dc2cb928bbb47695479"},"success":true,"status":200}
2024-09-25 14:57:36.3490 Info - FamilyMealPlanner.Controllers.RecipeController: upload photo
2024-09-25 14:57:36.3512 Info - FamilyMealPlanner.Controllers.RecipeController: https://i.ibb.co/Bn1TMkQ/oigsuxtf-wv5.jpg
2024-09-25 14:59:06.1414 Info - FamilyMealPlanner.Controllers.RecipeController: upload photo
2024-09-25 14:59:06.1579 Info - backend.ImageService: image service 1
2024-09-25 14:59:16.5444 Info - backend.ImageService: upload end
2024-09-25 14:59:16.5444 Info - FamilyMealPlanner.Controllers.RecipeController: https://i.ibb.co/x5S6FmS/53spykvh-zdl.jpg
